2016/05/17 12:44:17 [error] [system.db.CDbCommand] CDbCommand::fetch() failed: SQLSTATE[42S22]: Column not found: 1054 Unknown column 'username' in 'where clause'. The SQL statement executed was: SELECT * FROM `users` `t` WHERE username = 'hasan' LIMIT 1.
in D:\xampp\htdocs\yii_hasan\protected\components\UserIdentity.php (23)
in D:\xampp\htdocs\yii_hasan\protected\models\LoginForm.php (52)
in D:\xampp\htdocs\yii_hasan\protected\controllers\SiteController.php (94)
2016/05/17 12:44:17 [error] [exception.CDbException] exception 'CDbException' with message 'CDbCommand failed to execute the SQL statement: SQLSTATE[42S22]: Column not found: 1054 Unknown column 'username' in 'where clause'. The SQL statement executed was: SELECT * FROM `users` `t` WHERE username = 'hasan' LIMIT 1' in D:\xampp\htdocs\yii\framework\db\CDbCommand.php:543
Stack trace:
#0 D:\xampp\htdocs\yii\framework\db\CDbCommand.php(415): CDbCommand->queryInternal('fetch', Array, Array)
#1 D:\xampp\htdocs\yii\framework\db\ar\CActiveRecord.php(1351): CDbCommand->queryRow()
#2 D:\xampp\htdocs\yii\framework\db\ar\CActiveRecord.php(1456): CActiveRecord->query(Object(CDbCriteria))
#3 D:\xampp\htdocs\yii_hasan\protected\components\UserIdentity.php(23): CActiveRecord->find(Array)
#4 D:\xampp\htdocs\yii_hasan\protected\models\LoginForm.php(52): UserIdentity->authenticate()
#5 D:\xampp\htdocs\yii\framework\validators\CInlineValidator.php(42): LoginForm->authenticate('password', Array)
#6 D:\xampp\htdocs\yii\framework\validators\CValidator.php(213): CInlineValidator->validateAttribute(Object(LoginForm), 'password')
#7 D:\xampp\htdocs\yii\framework\base\CModel.php(159): CValidator->validate(Object(LoginForm), NULL)
#8 D:\xampp\htdocs\yii_hasan\protected\controllers\SiteController.php(94): CModel->validate()
#9 D:\xampp\htdocs\yii\framework\web\actions\CInlineAction.php(49): SiteController->actionLogin()
#10 D:\xampp\htdocs\yii\framework\web\CController.php(308): CInlineAction->runWithParams(Array)
#11 D:\xampp\htdocs\yii\framework\web\CController.php(286): CController->runAction(Object(CInlineAction))
#12 D:\xampp\htdocs\yii\framework\web\CController.php(265): CController->runActionWithFilters(Object(CInlineAction), Array)
#13 D:\xampp\htdocs\yii\framework\web\CWebApplication.php(282): CController->run('login')
#14 D:\xampp\htdocs\yii\framework\web\CWebApplication.php(141): CWebApplication->runController('site/login')
#15 D:\xampp\htdocs\yii\framework\base\CApplication.php(180): CWebApplication->processRequest()
#16 D:\xampp\htdocs\yii_hasan\www\index.php(13): CApplication->run()
#17 {main}
REQUEST_URI=/yii_hasan/www/index.php/site/login
HTTP_REFERER=http://localhost/yii_hasan/www/index.php/site/login
---
2016/05/17 20:53:54 [error] [exception.CHttpException.403] exception 'CHttpException' with message 'You are not authorized to perform this action.' in D:\xampp\htdocs\yii\framework\web\auth\CAccessControlFilter.php:182
Stack trace:
#0 D:\xampp\htdocs\yii\framework\web\auth\CAccessControlFilter.php(145): CAccessControlFilter->accessDenied(Object(CWebUser), 'You are not aut...')
#1 D:\xampp\htdocs\yii\framework\web\filters\CFilter.php(38): CAccessControlFilter->preFilter(Object(CFilterChain))
#2 D:\xampp\htdocs\yii\framework\web\CController.php(1145): CFilter->filter(Object(CFilterChain))
#3 D:\xampp\htdocs\yii\framework\web\filters\CInlineFilter.php(58): CController->filterAccessControl(Object(CFilterChain))
#4 D:\xampp\htdocs\yii\framework\web\filters\CFilterChain.php(130): CInlineFilter->filter(Object(CFilterChain))
#5 D:\xampp\htdocs\yii\framework\web\CController.php(291): CFilterChain->run()
#6 D:\xampp\htdocs\yii\framework\web\CController.php(265): CController->runActionWithFilters(Object(CInlineAction), Array)
#7 D:\xampp\htdocs\yii\framework\web\CWebApplication.php(282): CController->run('admin')
#8 D:\xampp\htdocs\yii\framework\web\CWebApplication.php(141): CWebApplication->runController('products/admin')
#9 D:\xampp\htdocs\yii\framework\base\CApplication.php(180): CWebApplication->processRequest()
#10 D:\xampp\htdocs\yii_hasan\www\index.php(13): CApplication->run()
#11 {main}
REQUEST_URI=/yii_hasan/www/index.php/products/admin
HTTP_REFERER=http://localhost/yii_hasan/www/index.php/products/index
---
2016/05/17 20:55:05 [error] [exception.CHttpException.404] exception 'CHttpException' with message 'The system is unable to find the requested action "products".' in D:\xampp\htdocs\yii\framework\web\CController.php:483
Stack trace:
#0 D:\xampp\htdocs\yii\framework\web\CController.php(270): CController->missingAction('products')
#1 D:\xampp\htdocs\yii\framework\web\CWebApplication.php(282): CController->run('products')
#2 D:\xampp\htdocs\yii\framework\web\CWebApplication.php(141): CWebApplication->runController('site/products')
#3 D:\xampp\htdocs\yii\framework\base\CApplication.php(180): CWebApplication->processRequest()
#4 D:\xampp\htdocs\yii_hasan\www\index.php(13): CApplication->run()
#5 {main}
REQUEST_URI=/yii_hasan/www/index.php/site/products
---
2016/05/17 21:07:31 [error] [php] Object of class Products could not be converted to string (D:\xampp\htdocs\yii_hasan\protected\views\site\index.php:13)
Stack trace:
#0 D:\xampp\htdocs\yii\framework\web\CController.php(869): SiteController->renderFile()
#1 D:\xampp\htdocs\yii\framework\web\CController.php(782): SiteController->renderPartial()
#2 D:\xampp\htdocs\yii_hasan\protected\controllers\SiteController.php(33): SiteController->render()
#3 D:\xampp\htdocs\yii\framework\web\actions\CInlineAction.php(49): SiteController->actionIndex()
#4 D:\xampp\htdocs\yii\framework\web\CController.php(308): CInlineAction->runWithParams()
#5 D:\xampp\htdocs\yii\framework\web\CController.php(286): SiteController->runAction()
#6 D:\xampp\htdocs\yii\framework\web\CController.php(265): SiteController->runActionWithFilters()
#7 D:\xampp\htdocs\yii\framework\web\CWebApplication.php(282): SiteController->run()
#8 D:\xampp\htdocs\yii\framework\web\CWebApplication.php(141): CWebApplication->runController()
#9 D:\xampp\htdocs\yii\framework\base\CApplication.php(180): CWebApplication->processRequest()
#10 D:\xampp\htdocs\yii_hasan\www\index.php(13): CWebApplication->run()
REQUEST_URI=/yii_hasan/www/index.php/site/index
in D:\xampp\htdocs\yii_hasan\protected\views\site\index.php (13)
in D:\xampp\htdocs\yii_hasan\protected\controllers\SiteController.php (33)
in D:\xampp\htdocs\yii_hasan\www\index.php (13)
2016/05/17 21:08:59 [error] [php] Object of class Products could not be converted to string (D:\xampp\htdocs\yii_hasan\protected\views\site\index.php:13)
Stack trace:
#0 D:\xampp\htdocs\yii\framework\web\CController.php(869): SiteController->renderFile()
#1 D:\xampp\htdocs\yii\framework\web\CController.php(782): SiteController->renderPartial()
#2 D:\xampp\htdocs\yii_hasan\protected\controllers\SiteController.php(33): SiteController->render()
#3 D:\xampp\htdocs\yii\framework\web\actions\CInlineAction.php(49): SiteController->actionIndex()
#4 D:\xampp\htdocs\yii\framework\web\CController.php(308): CInlineAction->runWithParams()
#5 D:\xampp\htdocs\yii\framework\web\CController.php(286): SiteController->runAction()
#6 D:\xampp\htdocs\yii\framework\web\CController.php(265): SiteController->runActionWithFilters()
#7 D:\xampp\htdocs\yii\framework\web\CWebApplication.php(282): SiteController->run()
#8 D:\xampp\htdocs\yii\framework\web\CWebApplication.php(141): CWebApplication->runController()
#9 D:\xampp\htdocs\yii\framework\base\CApplication.php(180): CWebApplication->processRequest()
#10 D:\xampp\htdocs\yii_hasan\www\index.php(13): CWebApplication->run()
REQUEST_URI=/yii_hasan/www/index.php/site/index
in D:\xampp\htdocs\yii_hasan\protected\views\site\index.php (13)
in D:\xampp\htdocs\yii_hasan\protected\controllers\SiteController.php (33)
in D:\xampp\htdocs\yii_hasan\www\index.php (13)
2016/05/17 21:09:00 [error] [php] Object of class Products could not be converted to string (D:\xampp\htdocs\yii_hasan\protected\views\site\index.php:13)
Stack trace:
#0 D:\xampp\htdocs\yii\framework\web\CController.php(869): SiteController->renderFile()
#1 D:\xampp\htdocs\yii\framework\web\CController.php(782): SiteController->renderPartial()
#2 D:\xampp\htdocs\yii_hasan\protected\controllers\SiteController.php(33): SiteController->render()
#3 D:\xampp\htdocs\yii\framework\web\actions\CInlineAction.php(49): SiteController->actionIndex()
#4 D:\xampp\htdocs\yii\framework\web\CController.php(308): CInlineAction->runWithParams()
#5 D:\xampp\htdocs\yii\framework\web\CController.php(286): SiteController->runAction()
#6 D:\xampp\htdocs\yii\framework\web\CController.php(265): SiteController->runActionWithFilters()
#7 D:\xampp\htdocs\yii\framework\web\CWebApplication.php(282): SiteController->run()
#8 D:\xampp\htdocs\yii\framework\web\CWebApplication.php(141): CWebApplication->runController()
#9 D:\xampp\htdocs\yii\framework\base\CApplication.php(180): CWebApplication->processRequest()
#10 D:\xampp\htdocs\yii_hasan\www\index.php(13): CWebApplication->run()
REQUEST_URI=/yii_hasan/www/index.php/site/index
in D:\xampp\htdocs\yii_hasan\protected\views\site\index.php (13)
in D:\xampp\htdocs\yii_hasan\protected\controllers\SiteController.php (33)
in D:\xampp\htdocs\yii_hasan\www\index.php (13)
2016/05/17 21:10:08 [error] [php] Object of class Products could not be converted to string (D:\xampp\htdocs\yii_hasan\protected\views\site\index.php:15)
Stack trace:
#0 D:\xampp\htdocs\yii\framework\web\CController.php(869): SiteController->renderFile()
#1 D:\xampp\htdocs\yii\framework\web\CController.php(782): SiteController->renderPartial()
#2 D:\xampp\htdocs\yii_hasan\protected\controllers\SiteController.php(33): SiteController->render()
#3 D:\xampp\htdocs\yii\framework\web\actions\CInlineAction.php(49): SiteController->actionIndex()
#4 D:\xampp\htdocs\yii\framework\web\CController.php(308): CInlineAction->runWithParams()
#5 D:\xampp\htdocs\yii\framework\web\CController.php(286): SiteController->runAction()
#6 D:\xampp\htdocs\yii\framework\web\CController.php(265): SiteController->runActionWithFilters()
#7 D:\xampp\htdocs\yii\framework\web\CWebApplication.php(282): SiteController->run()
#8 D:\xampp\htdocs\yii\framework\web\CWebApplication.php(141): CWebApplication->runController()
#9 D:\xampp\htdocs\yii\framework\base\CApplication.php(180): CWebApplication->processRequest()
#10 D:\xampp\htdocs\yii_hasan\www\index.php(13): CWebApplication->run()
REQUEST_URI=/yii_hasan/www/index.php/site/index
in D:\xampp\htdocs\yii_hasan\protected\views\site\index.php (15)
in D:\xampp\htdocs\yii_hasan\protected\controllers\SiteController.php (33)
in D:\xampp\htdocs\yii_hasan\www\index.php (13)
2016/05/18 05:12:32 [error] [system.db.CDbCommand] CDbCommand::fetchAll() failed: SQLSTATE[42S02]: Base table or view not found: 1146 Table 'yii_hasan.products' doesn't exist. The SQL statement executed was: SHOW FULL COLUMNS FROM `products`.
in D:\xampp\htdocs\yii_hasan\protected\controllers\SiteController.php (30)
in D:\xampp\htdocs\yii_hasan\www\index.php (13)
2016/05/18 05:12:32 [error] [exception.CDbException] exception 'CDbException' with message 'The table "products" for active record class "Products" cannot be found in the database.' in D:\xampp\htdocs\yii\framework\db\ar\CActiveRecord.php:2362
Stack trace:
#0 D:\xampp\htdocs\yii\framework\db\ar\CActiveRecord.php(411): CActiveRecordMetaData->__construct(Object(Products))
#1 D:\xampp\htdocs\yii\framework\db\ar\CActiveRecord.php(658): CActiveRecord->getMetaData()
#2 D:\xampp\htdocs\yii\framework\db\ar\CActiveRecord.php(1350): CActiveRecord->getTableSchema()
#3 D:\xampp\htdocs\yii\framework\db\ar\CActiveRecord.php(1470): CActiveRecord->query(Object(CDbCriteria), true)
#4 D:\xampp\htdocs\yii_hasan\protected\controllers\SiteController.php(30): CActiveRecord->findAll()
#5 D:\xampp\htdocs\yii\framework\web\actions\CInlineAction.php(49): SiteController->actionIndex()
#6 D:\xampp\htdocs\yii\framework\web\CController.php(308): CInlineAction->runWithParams(Array)
#7 D:\xampp\htdocs\yii\framework\web\CController.php(286): CController->runAction(Object(CInlineAction))
#8 D:\xampp\htdocs\yii\framework\web\CController.php(265): CController->runActionWithFilters(Object(CInlineAction), Array)
#9 D:\xampp\htdocs\yii\framework\web\CWebApplication.php(282): CController->run('')
#10 D:\xampp\htdocs\yii\framework\web\CWebApplication.php(141): CWebApplication->runController('')
#11 D:\xampp\htdocs\yii\framework\base\CApplication.php(180): CWebApplication->processRequest()
#12 D:\xampp\htdocs\yii_hasan\www\index.php(13): CApplication->run()
#13 {main}
REQUEST_URI=/yii_hasan/www/
HTTP_REFERER=http://localhost/yii_hasan/
---
2016/05/18 05:17:42 [error] [php] Object of class Products could not be converted to string (D:\xampp\htdocs\yii_hasan\protected\views\site\index.php:14)
Stack trace:
#0 D:\xampp\htdocs\yii\framework\web\CController.php(869): SiteController->renderFile()
#1 D:\xampp\htdocs\yii\framework\web\CController.php(782): SiteController->renderPartial()
#2 D:\xampp\htdocs\yii_hasan\protected\controllers\SiteController.php(34): SiteController->render()
#3 D:\xampp\htdocs\yii\framework\web\actions\CInlineAction.php(49): SiteController->actionIndex()
#4 D:\xampp\htdocs\yii\framework\web\CController.php(308): CInlineAction->runWithParams()
#5 D:\xampp\htdocs\yii\framework\web\CController.php(286): SiteController->runAction()
#6 D:\xampp\htdocs\yii\framework\web\CController.php(265): SiteController->runActionWithFilters()
#7 D:\xampp\htdocs\yii\framework\web\CWebApplication.php(282): SiteController->run()
#8 D:\xampp\htdocs\yii\framework\web\CWebApplication.php(141): CWebApplication->runController()
#9 D:\xampp\htdocs\yii\framework\base\CApplication.php(180): CWebApplication->processRequest()
#10 D:\xampp\htdocs\yii_hasan\www\index.php(13): CWebApplication->run()
REQUEST_URI=/yii_hasan/www/
in D:\xampp\htdocs\yii_hasan\protected\views\site\index.php (14)
in D:\xampp\htdocs\yii_hasan\protected\controllers\SiteController.php (34)
in D:\xampp\htdocs\yii_hasan\www\index.php (13)
2016/05/18 05:18:35 [error] [php] Object of class Products could not be converted to string (D:\xampp\htdocs\yii_hasan\protected\views\site\index.php:14)
Stack trace:
#0 D:\xampp\htdocs\yii\framework\web\CController.php(869): SiteController->renderFile()
#1 D:\xampp\htdocs\yii\framework\web\CController.php(782): SiteController->renderPartial()
#2 D:\xampp\htdocs\yii_hasan\protected\controllers\SiteController.php(34): SiteController->render()
#3 D:\xampp\htdocs\yii\framework\web\actions\CInlineAction.php(49): SiteController->actionIndex()
#4 D:\xampp\htdocs\yii\framework\web\CController.php(308): CInlineAction->runWithParams()
#5 D:\xampp\htdocs\yii\framework\web\CController.php(286): SiteController->runAction()
#6 D:\xampp\htdocs\yii\framework\web\CController.php(265): SiteController->runActionWithFilters()
#7 D:\xampp\htdocs\yii\framework\web\CWebApplication.php(282): SiteController->run()
#8 D:\xampp\htdocs\yii\framework\web\CWebApplication.php(141): CWebApplication->runController()
#9 D:\xampp\htdocs\yii\framework\base\CApplication.php(180): CWebApplication->processRequest()
#10 D:\xampp\htdocs\yii_hasan\www\index.php(13): CWebApplication->run()
REQUEST_URI=/yii_hasan/www/
in D:\xampp\htdocs\yii_hasan\protected\views\site\index.php (14)
in D:\xampp\htdocs\yii_hasan\protected\controllers\SiteController.php (34)
in D:\xampp\htdocs\yii_hasan\www\index.php (13)
2016/05/18 05:19:20 [error] [exception.CException] exception 'CException' with message 'Property "Products.name" is not defined.' in D:\xampp\htdocs\yii\framework\base\CComponent.php:130
Stack trace:
#0 D:\xampp\htdocs\yii\framework\db\ar\CActiveRecord.php(145): CComponent->__get('name')
#1 D:\xampp\htdocs\yii_hasan\protected\views\site\index.php(14): CActiveRecord->__get('name')
#2 D:\xampp\htdocs\yii\framework\web\CBaseController.php(126): require('D:\\xampp\\htdocs...')
#3 D:\xampp\htdocs\yii\framework\web\CBaseController.php(95): CBaseController->renderInternal('D:\\xampp\\htdocs...', Array, true)
#4 D:\xampp\htdocs\yii\framework\web\CController.php(869): CBaseController->renderFile('D:\\xampp\\htdocs...', Array, true)
#5 D:\xampp\htdocs\yii\framework\web\CController.php(782): CController->renderPartial('index', Array, true)
#6 D:\xampp\htdocs\yii_hasan\protected\controllers\SiteController.php(34): CController->render('index', Array)
#7 D:\xampp\htdocs\yii\framework\web\actions\CInlineAction.php(49): SiteController->actionIndex()
#8 D:\xampp\htdocs\yii\framework\web\CController.php(308): CInlineAction->runWithParams(Array)
#9 D:\xampp\htdocs\yii\framework\web\CController.php(286): CController->runAction(Object(CInlineAction))
#10 D:\xampp\htdocs\yii\framework\web\CController.php(265): CController->runActionWithFilters(Object(CInlineAction), Array)
#11 D:\xampp\htdocs\yii\framework\web\CWebApplication.php(282): CController->run('')
#12 D:\xampp\htdocs\yii\framework\web\CWebApplication.php(141): CWebApplication->runController('')
#13 D:\xampp\htdocs\yii\framework\base\CApplication.php(180): CWebApplication->processRequest()
#14 D:\xampp\htdocs\yii_hasan\www\index.php(13): CApplication->run()
#15 {main}
REQUEST_URI=/yii_hasan/www/
HTTP_REFERER=http://localhost/yii_hasan/
---
2016/05/18 11:43:35 [error] [php] Undefined index: password (D:\xampp\htdocs\yii_hasan\protected\controllers\UsersController.php:72)
Stack trace:
#0 D:\xampp\htdocs\yii\framework\web\filters\CFilterChain.php(133): UsersController->runAction()
#1 D:\xampp\htdocs\yii\framework\web\filters\CFilter.php(40): CFilterChain->run()
#2 D:\xampp\htdocs\yii\framework\web\CController.php(1145): CAccessControlFilter->filter()
#3 D:\xampp\htdocs\yii\framework\web\filters\CInlineFilter.php(58): UsersController->filterAccessControl()
#4 D:\xampp\htdocs\yii\framework\web\filters\CFilterChain.php(130): CInlineFilter->filter()
#5 D:\xampp\htdocs\yii\framework\web\CController.php(291): CFilterChain->run()
#6 D:\xampp\htdocs\yii\framework\web\CController.php(265): UsersController->runActionWithFilters()
#7 D:\xampp\htdocs\yii\framework\web\CWebApplication.php(282): UsersController->run()
#8 D:\xampp\htdocs\yii\framework\web\CWebApplication.php(141): CWebApplication->runController()
#9 D:\xampp\htdocs\yii\framework\base\CApplication.php(180): CWebApplication->processRequest()
#10 D:\xampp\htdocs\yii_hasan\www\index.php(13): CWebApplication->run()
REQUEST_URI=/yii_hasan/www/index.php/users/create
in D:\xampp\htdocs\yii_hasan\protected\controllers\UsersController.php (72)
in D:\xampp\htdocs\yii_hasan\www\index.php (13)
2016/05/18 11:46:16 [error] [php] Undefined index: password (D:\xampp\htdocs\yii_hasan\protected\controllers\UsersController.php:72)
Stack trace:
#0 D:\xampp\htdocs\yii\framework\web\filters\CFilterChain.php(133): UsersController->runAction()
#1 D:\xampp\htdocs\yii\framework\web\filters\CFilter.php(40): CFilterChain->run()
#2 D:\xampp\htdocs\yii\framework\web\CController.php(1145): CAccessControlFilter->filter()
#3 D:\xampp\htdocs\yii\framework\web\filters\CInlineFilter.php(58): UsersController->filterAccessControl()
#4 D:\xampp\htdocs\yii\framework\web\filters\CFilterChain.php(130): CInlineFilter->filter()
#5 D:\xampp\htdocs\yii\framework\web\CController.php(291): CFilterChain->run()
#6 D:\xampp\htdocs\yii\framework\web\CController.php(265): UsersController->runActionWithFilters()
#7 D:\xampp\htdocs\yii\framework\web\CWebApplication.php(282): UsersController->run()
#8 D:\xampp\htdocs\yii\framework\web\CWebApplication.php(141): CWebApplication->runController()
#9 D:\xampp\htdocs\yii\framework\base\CApplication.php(180): CWebApplication->processRequest()
#10 D:\xampp\htdocs\yii_hasan\www\index.php(13): CWebApplication->run()
REQUEST_URI=/yii_hasan/www/index.php/users/create
in D:\xampp\htdocs\yii_hasan\protected\controllers\UsersController.php (72)
in D:\xampp\htdocs\yii_hasan\www\index.php (13)
2016/05/18 11:47:09 [error] [php] Undefined index: password (D:\xampp\htdocs\yii_hasan\protected\controllers\UsersController.php:72)
Stack trace:
#0 D:\xampp\htdocs\yii\framework\web\filters\CFilterChain.php(133): UsersController->runAction()
#1 D:\xampp\htdocs\yii\framework\web\filters\CFilter.php(40): CFilterChain->run()
#2 D:\xampp\htdocs\yii\framework\web\CController.php(1145): CAccessControlFilter->filter()
#3 D:\xampp\htdocs\yii\framework\web\filters\CInlineFilter.php(58): UsersController->filterAccessControl()
#4 D:\xampp\htdocs\yii\framework\web\filters\CFilterChain.php(130): CInlineFilter->filter()
#5 D:\xampp\htdocs\yii\framework\web\CController.php(291): CFilterChain->run()
#6 D:\xampp\htdocs\yii\framework\web\CController.php(265): UsersController->runActionWithFilters()
#7 D:\xampp\htdocs\yii\framework\web\CWebApplication.php(282): UsersController->run()
#8 D:\xampp\htdocs\yii\framework\web\CWebApplication.php(141): CWebApplication->runController()
#9 D:\xampp\htdocs\yii\framework\base\CApplication.php(180): CWebApplication->processRequest()
#10 D:\xampp\htdocs\yii_hasan\www\index.php(13): CWebApplication->run()
REQUEST_URI=/yii_hasan/www/index.php/users/create
in D:\xampp\htdocs\yii_hasan\protected\controllers\UsersController.php (72)
in D:\xampp\htdocs\yii_hasan\www\index.php (13)
2016/05/18 11:49:05 [error] [exception.CException] exception 'CException' with message 'Property "Users.password" is not defined.' in D:\xampp\htdocs\yii\framework\base\CComponent.php:173
Stack trace:
#0 D:\xampp\htdocs\yii\framework\db\ar\CActiveRecord.php(161): CComponent->__set('password', '7e58d63b60197ce...')
#1 D:\xampp\htdocs\yii_hasan\protected\controllers\UsersController.php(74): CActiveRecord->__set('password', '7e58d63b60197ce...')
#2 D:\xampp\htdocs\yii\framework\web\actions\CInlineAction.php(49): UsersController->actionCreate()
#3 D:\xampp\htdocs\yii\framework\web\CController.php(308): CInlineAction->runWithParams(Array)
#4 D:\xampp\htdocs\yii\framework\web\filters\CFilterChain.php(133): CController->runAction(Object(CInlineAction))
#5 D:\xampp\htdocs\yii\framework\web\filters\CFilter.php(40): CFilterChain->run()
#6 D:\xampp\htdocs\yii\framework\web\CController.php(1145): CFilter->filter(Object(CFilterChain))
#7 D:\xampp\htdocs\yii\framework\web\filters\CInlineFilter.php(58): CController->filterAccessControl(Object(CFilterChain))
#8 D:\xampp\htdocs\yii\framework\web\filters\CFilterChain.php(130): CInlineFilter->filter(Object(CFilterChain))
#9 D:\xampp\htdocs\yii\framework\web\CController.php(291): CFilterChain->run()
#10 D:\xampp\htdocs\yii\framework\web\CController.php(265): CController->runActionWithFilters(Object(CInlineAction), Array)
#11 D:\xampp\htdocs\yii\framework\web\CWebApplication.php(282): CController->run('create')
#12 D:\xampp\htdocs\yii\framework\web\CWebApplication.php(141): CWebApplication->runController('users/create')
#13 D:\xampp\htdocs\yii\framework\base\CApplication.php(180): CWebApplication->processRequest()
#14 D:\xampp\htdocs\yii_hasan\www\index.php(13): CApplication->run()
#15 {main}
REQUEST_URI=/yii_hasan/www/index.php/users/create
HTTP_REFERER=http://localhost/yii_hasan/www/index.php/users/create
---
2016/05/18 21:44:37 [error] [exception.CHttpException.404] exception 'CHttpException' with message 'The system is unable to find the requested action "print.css".' in D:\xampp\htdocs\yii\framework\web\CController.php:483
Stack trace:
#0 D:\xampp\htdocs\yii\framework\web\CController.php(270): CController->missingAction('print.css')
#1 D:\xampp\htdocs\yii\framework\web\CWebApplication.php(282): CController->run('print.css')
#2 D:\xampp\htdocs\yii\framework\web\CWebApplication.php(141): CWebApplication->runController('site/print.css')
#3 D:\xampp\htdocs\yii\framework\base\CApplication.php(180): CWebApplication->processRequest()
#4 D:\xampp\htdocs\yii_project1\www\index.php(13): CApplication->run()
#5 {main}
REQUEST_URI=/yii_project1/www/site/print.css
HTTP_REFERER=http://localhost/yii_project1/www/site/index
---
2016/05/18 21:44:59 [error] [exception.CHttpException.404] exception 'CHttpException' with message 'Unable to resolve the request "print.css".' in D:\xampp\htdocs\yii\framework\web\CWebApplication.php:286
Stack trace:
#0 D:\xampp\htdocs\yii\framework\web\CWebApplication.php(141): CWebApplication->runController('print.css')
#1 D:\xampp\htdocs\yii\framework\base\CApplication.php(180): CWebApplication->processRequest()
#2 D:\xampp\htdocs\yii_project1\www\index.php(13): CApplication->run()
#3 {main}
REQUEST_URI=/yii_project1/www/print.css
HTTP_REFERER=http://localhost/yii_project1/www/users
---
2016/05/18 21:45:05 [error] [exception.CHttpException.404] exception 'CHttpException' with message 'The system is unable to find the requested action "print.css".' in D:\xampp\htdocs\yii\framework\web\CController.php:483
Stack trace:
#0 D:\xampp\htdocs\yii\framework\web\CController.php(270): CController->missingAction('print.css')
#1 D:\xampp\htdocs\yii\framework\web\CWebApplication.php(282): CController->run('print.css')
#2 D:\xampp\htdocs\yii\framework\web\CWebApplication.php(141): CWebApplication->runController('users/print.css')
#3 D:\xampp\htdocs\yii\framework\base\CApplication.php(180): CWebApplication->processRequest()
#4 D:\xampp\htdocs\yii_project1\www\index.php(13): CApplication->run()
#5 {main}
REQUEST_URI=/yii_project1/www/users/print.css
HTTP_REFERER=http://localhost/yii_project1/www/users/create
---
